Received event: topic=/tasks/exit, namespace=k8s.io, timestamp=Some(Timestamp { seconds: 1751434544, nanos: 846902352 })
Task Exit: TaskExit { container_id: "6b97b5f720d46ed9f26e627ee15bcbc13c859fe499bbb998d0bf403d55af80bb", id: "6b97b5f720d46ed9f26e627ee15bcbc13c859fe499bbb998d0bf403d55af80bb", pid: 437860, exit_status: 0, exited_at: Some(Timestamp { seconds: 1751434544, nanos: 846865425 }) }
Received event: topic=/tasks/delete, namespace=k8s.io, timestamp=Some(Timestamp { seconds: 1751434545, nanos: 233339093 })
Task Delete: TaskDelete { container_id: "6b97b5f720d46ed9f26e627ee15bcbc13c859fe499bbb998d0bf403d55af80bb", pid: 437860, exit_status: 0, exited_at: Some(Timestamp { seconds: 1751434544, nanos: 846865425 }), id: "" }
Received event: topic=/tasks/exit, namespace=k8s.io, timestamp=Some(Timestamp { seconds: 1751434549, nanos: 804507680 })
Task Exit: TaskExit { container_id: "d19f320473630f08f4f930ef550940aa0afaf9ffa008e18736c993cd4281bb21", id: "d19f320473630f08f4f930ef550940aa0afaf9ffa008e18736c993cd4281bb21", pid: 437893, exit_status: 0, exited_at: Some(Timestamp { seconds: 1751434549, nanos: 804464932 }) }
Received event: topic=/tasks/delete, namespace=k8s.io, timestamp=Some(Timestamp { seconds: 1751434550, nanos: 291221252 })
Task Delete: TaskDelete { container_id: "d19f320473630f08f4f930ef550940aa0afaf9ffa008e18736c993cd4281bb21", pid: 437893, exit_status: 0, exited_at: Some(Timestamp { seconds: 1751434549, nanos: 804464932 }), id: "" }
Received event: topic=/tasks/exit, namespace=k8s.io, timestamp=Some(Timestamp { seconds: 1751434550, nanos: 377443527 })
Task Exit: TaskExit { container_id: "e3d6fa444b07c185250739e480fd09f227116e988479d0b998d0eaec8d5546c8", id: "e3d6fa444b07c185250739e480fd09f227116e988479d0b998d0eaec8d5546c8", pid: 437682, exit_status: 137, exited_at: Some(Timestamp { seconds: 1751434550, nanos: 377421065 }) }
Received event: topic=/tasks/delete, namespace=k8s.io, timestamp=Some(Timestamp { seconds: 1751434550, nanos: 890439057 })
Task Delete: TaskDelete { container_id: "e3d6fa444b07c185250739e480fd09f227116e988479d0b998d0eaec8d5546c8", pid: 437682, exit_status: 137, exited_at: Some(Timestamp { seconds: 1751434550, nanos: 377421065 }), id: "" }
Received event: topic=/snapshot/remove, namespace=k8s.io, timestamp=Some(Timestamp { seconds: 1751434551, nanos: 250188272 })
Unknown event type: containerd.events.SnapshotRemove
Received event: topic=/containers/delete, namespace=k8s.io, timestamp=Some(Timestamp { seconds: 1751434551, nanos: 283459657 })
Container Delete: ContainerDelete { id: "d19f320473630f08f4f930ef550940aa0afaf9ffa008e18736c993cd4281bb21" }
Received event: topic=/snapshot/remove, namespace=k8s.io, timestamp=Some(Timestamp { seconds: 1751434551, nanos: 325182001 })
Unknown event type: containerd.events.SnapshotRemove
Received event: topic=/containers/delete, namespace=k8s.io, timestamp=Some(Timestamp { seconds: 1751434551, nanos: 366809636 })
Container Delete: ContainerDelete { id: "6b97b5f720d46ed9f26e627ee15bcbc13c859fe499bbb998d0bf403d55af80bb" }
Received event: topic=/snapshot/remove, namespace=k8s.io, timestamp=Some(Timestamp { seconds: 1751434551, nanos: 408510788 })
Unknown event type: containerd.events.SnapshotRemove
Received event: topic=/containers/delete, namespace=k8s.io, timestamp=Some(Timestamp { seconds: 1751434551, nanos: 441807336 })
Container Delete: ContainerDelete { id: "f0f665e6f4f3ff391cd6720c58ad0c304037dae446978ccb6c20de6843f9d98a" }

