Received event: topic=/snapshot/prepare, namespace=k8s.io, timestamp=Some(Timestamp { seconds: 1751434449, nanos: 25948321 })
Unknown event type: containerd.events.SnapshotPrepare
Received event: topic=/containers/create, namespace=k8s.io, timestamp=Some(Timestamp { seconds: 1751434449, nanos: 150950785 })
Container Create: ContainerCreate { id: "e3d6fa444b07c185250739e480fd09f227116e988479d0b998d0eaec8d5546c8", image: "registry.k8s.io/pause:3.10", runtime: Some(Runtime { name: "io.containerd.runc.v2", options: Some(Any { type_url: "containerd.runc.v1.Options", value: [72, 1] }) }) }
Received event: topic=/containers/update, namespace=k8s.io, timestamp=Some(Timestamp { seconds: 1751434449, nanos: 234312694 })
Container Update: ContainerUpdate { id: "e3d6fa444b07c185250739e480fd09f227116e988479d0b998d0eaec8d5546c8", image: "registry.k8s.io/pause:3.10", labels: {"pod-template-hash": "d556bf558", "io.kubernetes.pod.uid": "5158c3d2-ec52-43e8-aa1c-8ee384c7353e", "io.kubernetes.pod.name": "nginx-deployment-d556bf558-dmb6m", "service.istio.io/canonical-name": "nginx", "io.kubernetes.pod.namespace": "default", "app": "nginx", "security.istio.io/tlsMode": "istio", "service.istio.io/canonical-revision": "latest", "io.cri-containerd.kind": "sandbox"}, snapshot_key: "e3d6fa444b07c185250739e480fd09f227116e988479d0b998d0eaec8d5546c8" }
Received event: topic=/containers/update, namespace=k8s.io, timestamp=Some(Timestamp { seconds: 1751434449, nanos: 617586621 })
Container Update: ContainerUpdate { id: "e3d6fa444b07c185250739e480fd09f227116e988479d0b998d0eaec8d5546c8", image: "registry.k8s.io/pause:3.10", labels: {"pod-template-hash": "d556bf558", "security.istio.io/tlsMode": "istio", "io.kubernetes.pod.uid": "5158c3d2-ec52-43e8-aa1c-8ee384c7353e", "io.kubernetes.pod.name": "nginx-deployment-d556bf558-dmb6m", "service.istio.io/canonical-name": "nginx", "io.kubernetes.pod.namespace": "default", "io.cri-containerd.kind": "sandbox", "service.istio.io/canonical-revision": "latest", "app": "nginx"}, snapshot_key: "e3d6fa444b07c185250739e480fd09f227116e988479d0b998d0eaec8d5546c8" }
Received event: topic=/tasks/create, namespace=k8s.io, timestamp=Some(Timestamp { seconds: 1751434449, nanos: 732943630 })
Task Create: TaskCreate { container_id: "e3d6fa444b07c185250739e480fd09f227116e988479d0b998d0eaec8d5546c8", bundle: "/run/containerd/io.containerd.runtime.v2.task/k8s.io/e3d6fa444b07c185250739e480fd09f227116e988479d0b998d0eaec8d5546c8", rootfs: [Mount { r#type: "overlay", source: "overlay", target: "", options: ["index=off", "workdir=/home/seadmin/containerd/io.containerd.snapshotter.v1.overlayfs/snapshots/30424/work", "upperdir=/home/seadmin/containerd/io.containerd.snapshotter.v1.overlayfs/snapshots/30424/fs", "lowerdir=/home/seadmin/containerd/io.containerd.snapshotter.v1.overlayfs/snapshots/1/fs"] }], io: Some(TaskIo { stdin: "", stdout: "", stderr: "", terminal: false }), checkpoint: "", pid: 437682 }
Received event: topic=/tasks/start, namespace=k8s.io, timestamp=Some(Timestamp { seconds: 1751434449, nanos: 742327526 })
Task Start: TaskStart { container_id: "e3d6fa444b07c185250739e480fd09f227116e988479d0b998d0eaec8d5546c8", pid: 437682 }
Received event: topic=/snapshot/prepare, namespace=k8s.io, timestamp=Some(Timestamp { seconds: 1751434449, nanos: 917574672 })
Unknown event type: containerd.events.SnapshotPrepare
Received event: topic=/containers/create, namespace=k8s.io, timestamp=Some(Timestamp { seconds: 1751434449, nanos: 959181738 })
Container Create: ContainerCreate { id: "f0f665e6f4f3ff391cd6720c58ad0c304037dae446978ccb6c20de6843f9d98a", image: "docker.io/istio/proxyv2:1.25.0", runtime: Some(Runtime { name: "io.containerd.runc.v2", options: Some(Any { type_url: "containerd.runc.v1.Options", value: [72, 1] }) }) }
Received event: topic=/tasks/create, namespace=k8s.io, timestamp=Some(Timestamp { seconds: 1751434450, nanos: 105509969 })
Task Create: TaskCreate { container_id: "f0f665e6f4f3ff391cd6720c58ad0c304037dae446978ccb6c20de6843f9d98a", bundle: "/run/containerd/io.containerd.runtime.v2.task/k8s.io/f0f665e6f4f3ff391cd6720c58ad0c304037dae446978ccb6c20de6843f9d98a", rootfs: [Mount { r#type: "overlay", source: "overlay", target: "", options: ["index=off", "workdir=/home/seadmin/containerd/io.containerd.snapshotter.v1.overlayfs/snapshots/30425/work", "upperdir=/home/seadmin/containerd/io.containerd.snapshotter.v1.overlayfs/snapshots/30425/fs", "lowerdir=/home/seadmin/containerd/io.containerd.snapshotter.v1.overlayfs/snapshots/29494/fs:/home/seadmin/containerd/io.containerd.snapshotter.v1.overlayfs/snapshots/29492/fs:/home/seadmin/containerd/io.containerd.snapshotter.v1.overlayfs/snapshots/29491/fs:/home/seadmin/containerd/io.containerd.snapshotter.v1.overlayfs/snapshots/29490/fs:/home/seadmin/containerd/io.containerd.snapshotter.v1.overlayfs/snapshots/29489/fs:/home/seadmin/containerd/io.containerd.snapshotter.v1.overlayfs/snapshots/29488/fs"] }], io: Some(TaskIo { stdin: "", stdout: "/run/containerd/io.containerd.grpc.v1.cri/containers/f0f665e6f4f3ff391cd6720c58ad0c304037dae446978ccb6c20de6843f9d98a/io/3300603845/f0f665e6f4f3ff391cd6720c58ad0c304037dae446978ccb6c20de6843f9d98a-stdout", stderr: "/run/containerd/io.containerd.grpc.v1.cri/containers/f0f665e6f4f3ff391cd6720c58ad0c304037dae446978ccb6c20de6843f9d98a/io/3300603845/f0f665e6f4f3ff391cd6720c58ad0c304037dae446978ccb6c20de6843f9d98a-stderr", terminal: false }), checkpoint: "", pid: 437714 }
Received event: topic=/tasks/start, namespace=k8s.io, timestamp=Some(Timestamp { seconds: 1751434450, nanos: 113323776 })
Task Start: TaskStart { container_id: "f0f665e6f4f3ff391cd6720c58ad0c304037dae446978ccb6c20de6843f9d98a", pid: 437714 }
Received event: topic=/tasks/exit, namespace=k8s.io, timestamp=Some(Timestamp { seconds: 1751434450, nanos: 174901645 })
Task Exit: TaskExit { container_id: "f0f665e6f4f3ff391cd6720c58ad0c304037dae446978ccb6c20de6843f9d98a", id: "f0f665e6f4f3ff391cd6720c58ad0c304037dae446978ccb6c20de6843f9d98a", pid: 437714, exit_status: 0, exited_at: Some(Timestamp { seconds: 1751434450, nanos: 174860956 }) }
Received event: topic=/tasks/delete, namespace=k8s.io, timestamp=Some(Timestamp { seconds: 1751434451, nanos: 62139438 })
Task Delete: TaskDelete { container_id: "f0f665e6f4f3ff391cd6720c58ad0c304037dae446978ccb6c20de6843f9d98a", pid: 437714, exit_status: 0, exited_at: Some(Timestamp { seconds: 1751434450, nanos: 174860956 }), id: "" }
Received event: topic=/snapshot/prepare, namespace=k8s.io, timestamp=Some(Timestamp { seconds: 1751434452, nanos: 259011661 })
Unknown event type: containerd.events.SnapshotPrepare
Received event: topic=/containers/create, namespace=k8s.io, timestamp=Some(Timestamp { seconds: 1751434452, nanos: 300693867 })
Container Create: ContainerCreate { id: "6b97b5f720d46ed9f26e627ee15bcbc13c859fe499bbb998d0bf403d55af80bb", image: "docker.io/library/nginx:1.14.2", runtime: Some(Runtime { name: "io.containerd.runc.v2", options: Some(Any { type_url: "containerd.runc.v1.Options", value: [72, 1] }) }) }
Received event: topic=/tasks/create, namespace=k8s.io, timestamp=Some(Timestamp { seconds: 1751434452, nanos: 461497784 })
Task Create: TaskCreate { container_id: "6b97b5f720d46ed9f26e627ee15bcbc13c859fe499bbb998d0bf403d55af80bb", bundle: "/run/containerd/io.containerd.runtime.v2.task/k8s.io/6b97b5f720d46ed9f26e627ee15bcbc13c859fe499bbb998d0bf403d55af80bb", rootfs: [Mount { r#type: "overlay", source: "overlay", target: "", options: ["index=off", "workdir=/home/seadmin/containerd/io.containerd.snapshotter.v1.overlayfs/snapshots/30426/work", "upperdir=/home/seadmin/containerd/io.containerd.snapshotter.v1.overlayfs/snapshots/30426/fs", "lowerdir=/home/seadmin/containerd/io.containerd.snapshotter.v1.overlayfs/snapshots/30227/fs:/home/seadmin/containerd/io.containerd.snapshotter.v1.overlayfs/snapshots/30226/fs:/home/seadmin/containerd/io.containerd.snapshotter.v1.overlayfs/snapshots/30225/fs"] }], io: Some(TaskIo { stdin: "", stdout: "/run/containerd/io.containerd.grpc.v1.cri/containers/6b97b5f720d46ed9f26e627ee15bcbc13c859fe499bbb998d0bf403d55af80bb/io/2434779262/6b97b5f720d46ed9f26e627ee15bcbc13c859fe499bbb998d0bf403d55af80bb-stdout", stderr: "/run/containerd/io.containerd.grpc.v1.cri/containers/6b97b5f720d46ed9f26e627ee15bcbc13c859fe499bbb998d0bf403d55af80bb/io/2434779262/6b97b5f720d46ed9f26e627ee15bcbc13c859fe499bbb998d0bf403d55af80bb-stderr", terminal: false }), checkpoint: "", pid: 437860 }
Received event: topic=/tasks/start, namespace=k8s.io, timestamp=Some(Timestamp { seconds: 1751434452, nanos: 470490866 })
Task Start: TaskStart { container_id: "6b97b5f720d46ed9f26e627ee15bcbc13c859fe499bbb998d0bf403d55af80bb", pid: 437860 }
Received event: topic=/snapshot/prepare, namespace=k8s.io, timestamp=Some(Timestamp { seconds: 1751434452, nanos: 717329790 })
Unknown event type: containerd.events.SnapshotPrepare
Received event: topic=/containers/create, namespace=k8s.io, timestamp=Some(Timestamp { seconds: 1751434452, nanos: 758956859 })
Container Create: ContainerCreate { id: "d19f320473630f08f4f930ef550940aa0afaf9ffa008e18736c993cd4281bb21", image: "docker.io/istio/proxyv2:1.25.0", runtime: Some(Runtime { name: "io.containerd.runc.v2", options: Some(Any { type_url: "containerd.runc.v1.Options", value: [72, 1] }) }) }
Received event: topic=/tasks/create, namespace=k8s.io, timestamp=Some(Timestamp { seconds: 1751434452, nanos: 907588278 })
Task Create: TaskCreate { container_id: "d19f320473630f08f4f930ef550940aa0afaf9ffa008e18736c993cd4281bb21", bundle: "/run/containerd/io.containerd.runtime.v2.task/k8s.io/d19f320473630f08f4f930ef550940aa0afaf9ffa008e18736c993cd4281bb21", rootfs: [Mount { r#type: "overlay", source: "overlay", target: "", options: ["index=off", "workdir=/home/seadmin/containerd/io.containerd.snapshotter.v1.overlayfs/snapshots/30427/work", "upperdir=/home/seadmin/containerd/io.containerd.snapshotter.v1.overlayfs/snapshots/30427/fs", "lowerdir=/home/seadmin/containerd/io.containerd.snapshotter.v1.overlayfs/snapshots/29494/fs:/home/seadmin/containerd/io.containerd.snapshotter.v1.overlayfs/snapshots/29492/fs:/home/seadmin/containerd/io.containerd.snapshotter.v1.overlayfs/snapshots/29491/fs:/home/seadmin/containerd/io.containerd.snapshotter.v1.overlayfs/snapshots/29490/fs:/home/seadmin/containerd/io.containerd.snapshotter.v1.overlayfs/snapshots/29489/fs:/home/seadmin/containerd/io.containerd.snapshotter.v1.overlayfs/snapshots/29488/fs"] }], io: Some(TaskIo { stdin: "", stdout: "/run/containerd/io.containerd.grpc.v1.cri/containers/d19f320473630f08f4f930ef550940aa0afaf9ffa008e18736c993cd4281bb21/io/1856477311/d19f320473630f08f4f930ef550940aa0afaf9ffa008e18736c993cd4281bb21-stdout", stderr: "/run/containerd/io.containerd.grpc.v1.cri/containers/d19f320473630f08f4f930ef550940aa0afaf9ffa008e18736c993cd4281bb21/io/1856477311/d19f320473630f08f4f930ef550940aa0afaf9ffa008e18736c993cd4281bb21-stderr", terminal: false }), checkpoint: "", pid: 437893 }
Received event: topic=/tasks/start, namespace=k8s.io, timestamp=Some(Timestamp { seconds: 1751434452, nanos: 916251057 })
Task Start: TaskStart { container_id: "d19f320473630f08f4f930ef550940aa0afaf9ffa008e18736c993cd4281bb21", pid: 437893 }

